<?xml version="1.0" encoding="UTF-8"?>
<robot generator="Robot 4.1 (Python 3.6.8 on win32)" generated="20210907 22:45:35.926" rpa="false" schemaversion="2">
<suite id="s1" name="Testing QA" source="C:\Users\Sushmita\Desktop\Testing_QA\Testing_QA.robot">
<test id="s1-t1" name="Open Browser">
<kw name="Open Browser" library="SeleniumLibrary">
<arg>https://platformrc.wyscout.com/app/</arg>
<arg>chrome</arg>
<doc>Opens a new browser instance to the optional ``url``.</doc>
<msg timestamp="20210907 22:45:36.329" level="INFO">Opening browser 'chrome' to base url 'https://platformrc.wyscout.com/app/'.</msg>
<status status="PASS" starttime="20210907 22:45:36.329" endtime="20210907 22:45:44.721"/>
</kw>
<kw name="Maximize Browser Window" library="SeleniumLibrary">
<doc>Maximizes current browser window.</doc>
<status status="PASS" starttime="20210907 22:45:44.722" endtime="20210907 22:45:44.958"/>
</kw>
<kw name="Sleep" library="BuiltIn">
<arg>5s</arg>
<doc>Pauses the test executed for the given time.</doc>
<msg timestamp="20210907 22:45:49.992" level="INFO">Slept 5 seconds</msg>
<status status="PASS" starttime="20210907 22:45:44.973" endtime="20210907 22:45:49.992"/>
</kw>
<status status="PASS" starttime="20210907 22:45:36.327" endtime="20210907 22:45:49.993"/>
</test>
<test id="s1-t2" name="Invalid User Or Password">
<kw name="Input Text" library="SeleniumLibrary">
<arg>xpath = /html/body/div[1]/div/div[2]/div[2]/div/div[2]/div/div/div[1]/div[2]/div[1]/div[2]/input</arg>
<arg>sushmita@gmail.com</arg>
<doc>Types the given ``text`` into the text field identified by ``locator``.</doc>
<msg timestamp="20210907 22:45:49.998" level="INFO">Typing text 'sushmita@gmail.com' into text field 'xpath = /html/body/div[1]/div/div[2]/div[2]/div/div[2]/div/div/div[1]/div[2]/div[1]/div[2]/input'.</msg>
<status status="PASS" starttime="20210907 22:45:49.997" endtime="20210907 22:45:50.151"/>
</kw>
<kw name="Input Text" library="SeleniumLibrary">
<arg>xpath = /html/body/div[1]/div/div[2]/div[2]/div/div[2]/div/div/div[1]/div[2]/div[2]/div[2]/input</arg>
<arg>pw_IndiaTest!</arg>
<doc>Types the given ``text`` into the text field identified by ``locator``.</doc>
<msg timestamp="20210907 22:45:50.154" level="INFO">Typing text 'pw_IndiaTest!' into text field 'xpath = /html/body/div[1]/div/div[2]/div[2]/div/div[2]/div/div/div[1]/div[2]/div[2]/div[2]/input'.</msg>
<status status="PASS" starttime="20210907 22:45:50.153" endtime="20210907 22:45:50.321"/>
</kw>
<kw name="Click Button" library="SeleniumLibrary">
<arg>id = login_button</arg>
<doc>Clicks the button identified by ``locator``.</doc>
<msg timestamp="20210907 22:45:50.322" level="INFO">Clicking button 'id = login_button'.</msg>
<status status="PASS" starttime="20210907 22:45:50.322" endtime="20210907 22:45:50.485"/>
</kw>
<kw name="Sleep" library="BuiltIn">
<arg>5s</arg>
<doc>Pauses the test executed for the given time.</doc>
<msg timestamp="20210907 22:45:55.501" level="INFO">Slept 5 seconds</msg>
<status status="PASS" starttime="20210907 22:45:50.498" endtime="20210907 22:45:55.501"/>
</kw>
<kw name="Capture Page Screenshot" library="SeleniumLibrary">
<doc>Takes a screenshot of the current page and embeds it into a log file.</doc>
<msg timestamp="20210907 22:45:55.767" level="INFO" html="true">&lt;/td&gt;&lt;/tr&gt;&lt;tr&gt;&lt;td colspan="3"&gt;&lt;a href="selenium-screenshot-1.png"&gt;&lt;img src="selenium-screenshot-1.png" width="800px"&gt;&lt;/a&gt;</msg>
<status status="PASS" starttime="20210907 22:45:55.502" endtime="20210907 22:45:55.768"/>
</kw>
<kw name="Page Should Contain" library="SeleniumLibrary">
<arg>Invalid username or password</arg>
<doc>Verifies that current page contains ``text``.</doc>
<msg timestamp="20210907 22:45:55.806" level="INFO">Current page contains text 'Invalid username or password'.</msg>
<status status="PASS" starttime="20210907 22:45:55.769" endtime="20210907 22:45:55.806"/>
</kw>
<kw name="Click Element" library="SeleniumLibrary">
<arg>xpath=/html/body/div[9]/div[2]/div[3]/div</arg>
<doc>Click the element identified by ``locator``.</doc>
<msg timestamp="20210907 22:45:55.808" level="INFO">Clicking element 'xpath=/html/body/div[9]/div[2]/div[3]/div'.</msg>
<status status="PASS" starttime="20210907 22:45:55.807" endtime="20210907 22:45:55.947"/>
</kw>
<kw name="Sleep" library="BuiltIn">
<arg>5s</arg>
<doc>Pauses the test executed for the given time.</doc>
<msg timestamp="20210907 22:46:00.954" level="INFO">Slept 5 seconds</msg>
<status status="PASS" starttime="20210907 22:45:55.948" endtime="20210907 22:46:00.955"/>
</kw>
<kw name="Input Text" library="SeleniumLibrary">
<arg>xpath = /html/body/div[1]/div/div[2]/div[2]/div/div[2]/div/div/div[1]/div[2]/div[1]/div[2]/input</arg>
<arg>8484984654654684</arg>
<doc>Types the given ``text`` into the text field identified by ``locator``.</doc>
<msg timestamp="20210907 22:46:00.958" level="INFO">Typing text '8484984654654684' into text field 'xpath = /html/body/div[1]/div/div[2]/div[2]/div/div[2]/div/div/div[1]/div[2]/div[1]/div[2]/input'.</msg>
<status status="PASS" starttime="20210907 22:46:00.956" endtime="20210907 22:46:01.110"/>
</kw>
<kw name="Input Text" library="SeleniumLibrary">
<arg>xpath = /html/body/div[1]/div/div[2]/div[2]/div/div[2]/div/div/div[1]/div[2]/div[2]/div[2]/input</arg>
<arg>pw_IndiaTest!</arg>
<doc>Types the given ``text`` into the text field identified by ``locator``.</doc>
<msg timestamp="20210907 22:46:01.113" level="INFO">Typing text 'pw_IndiaTest!' into text field 'xpath = /html/body/div[1]/div/div[2]/div[2]/div/div[2]/div/div/div[1]/div[2]/div[2]/div[2]/input'.</msg>
<status status="PASS" starttime="20210907 22:46:01.111" endtime="20210907 22:46:01.217"/>
</kw>
<kw name="Click Button" library="SeleniumLibrary">
<arg>id = login_button</arg>
<doc>Clicks the button identified by ``locator``.</doc>
<msg timestamp="20210907 22:46:01.218" level="INFO">Clicking button 'id = login_button'.</msg>
<status status="PASS" starttime="20210907 22:46:01.217" endtime="20210907 22:46:01.338"/>
</kw>
<kw name="Sleep" library="BuiltIn">
<arg>5s</arg>
<doc>Pauses the test executed for the given time.</doc>
<msg timestamp="20210907 22:46:06.353" level="INFO">Slept 5 seconds</msg>
<status status="PASS" starttime="20210907 22:46:01.339" endtime="20210907 22:46:06.354"/>
</kw>
<kw name="Page Should Contain" library="SeleniumLibrary">
<arg>Invalid username or password</arg>
<doc>Verifies that current page contains ``text``.</doc>
<msg timestamp="20210907 22:46:06.416" level="INFO">Current page contains text 'Invalid username or password'.</msg>
<status status="PASS" starttime="20210907 22:46:06.355" endtime="20210907 22:46:06.416"/>
</kw>
<kw name="Click Element" library="SeleniumLibrary">
<arg>xpath=/html/body/div[9]/div[2]/div[3]/div</arg>
<doc>Click the element identified by ``locator``.</doc>
<msg timestamp="20210907 22:46:06.418" level="INFO">Clicking element 'xpath=/html/body/div[9]/div[2]/div[3]/div'.</msg>
<status status="PASS" starttime="20210907 22:46:06.417" endtime="20210907 22:46:06.470"/>
</kw>
<kw name="Sleep" library="BuiltIn">
<arg>5s</arg>
<doc>Pauses the test executed for the given time.</doc>
<msg timestamp="20210907 22:46:11.471" level="INFO">Slept 5 seconds</msg>
<status status="PASS" starttime="20210907 22:46:06.471" endtime="20210907 22:46:11.471"/>
</kw>
<status status="PASS" starttime="20210907 22:45:49.995" endtime="20210907 22:46:11.474"/>
</test>
<test id="s1-t3" name="Valid User">
<kw name="Input Text" library="SeleniumLibrary">
<arg>xpath = /html/body/div[1]/div/div[2]/div[2]/div/div[2]/div/div/div[1]/div[2]/div[1]/div[2]/input</arg>
<arg>sushmitas55555@gmail.com</arg>
<doc>Types the given ``text`` into the text field identified by ``locator``.</doc>
<msg timestamp="20210907 22:46:11.483" level="INFO">Typing text 'sushmitas55555@gmail.com' into text field 'xpath = /html/body/div[1]/div/div[2]/div[2]/div/div[2]/div/div/div[1]/div[2]/div[1]/div[2]/input'.</msg>
<status status="PASS" starttime="20210907 22:46:11.481" endtime="20210907 22:46:11.637"/>
</kw>
<kw name="Input Text" library="SeleniumLibrary">
<arg>xpath = /html/body/div[1]/div/div[2]/div[2]/div/div[2]/div/div/div[1]/div[2]/div[2]/div[2]/input</arg>
<arg>pw_IndiaTest!</arg>
<doc>Types the given ``text`` into the text field identified by ``locator``.</doc>
<msg timestamp="20210907 22:46:11.639" level="INFO">Typing text 'pw_IndiaTest!' into text field 'xpath = /html/body/div[1]/div/div[2]/div[2]/div/div[2]/div/div/div[1]/div[2]/div[2]/div[2]/input'.</msg>
<status status="PASS" starttime="20210907 22:46:11.638" endtime="20210907 22:46:11.738"/>
</kw>
<kw name="Capture Page Screenshot" library="SeleniumLibrary">
<doc>Takes a screenshot of the current page and embeds it into a log file.</doc>
<msg timestamp="20210907 22:46:11.960" level="INFO" html="true">&lt;/td&gt;&lt;/tr&gt;&lt;tr&gt;&lt;td colspan="3"&gt;&lt;a href="selenium-screenshot-2.png"&gt;&lt;img src="selenium-screenshot-2.png" width="800px"&gt;&lt;/a&gt;</msg>
<status status="PASS" starttime="20210907 22:46:11.739" endtime="20210907 22:46:11.960"/>
</kw>
<kw name="Click Button" library="SeleniumLibrary">
<arg>id = login_button</arg>
<doc>Clicks the button identified by ``locator``.</doc>
<msg timestamp="20210907 22:46:11.961" level="INFO">Clicking button 'id = login_button'.</msg>
<status status="PASS" starttime="20210907 22:46:11.961" endtime="20210907 22:46:12.024"/>
</kw>
<kw name="Sleep" library="BuiltIn">
<arg>5s</arg>
<doc>Pauses the test executed for the given time.</doc>
<msg timestamp="20210907 22:46:17.035" level="INFO">Slept 5 seconds</msg>
<status status="PASS" starttime="20210907 22:46:12.025" endtime="20210907 22:46:17.035"/>
</kw>
<status status="PASS" starttime="20210907 22:46:11.478" endtime="20210907 22:46:17.036"/>
</test>
<test id="s1-t4" name="DarkMode">
<kw name="Click Element" library="SeleniumLibrary">
<arg>xpath=/html/body/div[1]/div/div[1]/div[5]/div[1]/div[1]</arg>
<doc>Click the element identified by ``locator``.</doc>
<msg timestamp="20210907 22:46:17.044" level="INFO">Clicking element 'xpath=/html/body/div[1]/div/div[1]/div[5]/div[1]/div[1]'.</msg>
<status status="PASS" starttime="20210907 22:46:17.042" endtime="20210907 22:46:17.211"/>
</kw>
<kw name="Sleep" library="BuiltIn">
<arg>5s</arg>
<doc>Pauses the test executed for the given time.</doc>
<msg timestamp="20210907 22:46:22.221" level="INFO">Slept 5 seconds</msg>
<status status="PASS" starttime="20210907 22:46:17.217" endtime="20210907 22:46:22.222"/>
</kw>
<kw name="Capture Page Screenshot" library="SeleniumLibrary">
<doc>Takes a screenshot of the current page and embeds it into a log file.</doc>
<msg timestamp="20210907 22:46:22.501" level="INFO" html="true">&lt;/td&gt;&lt;/tr&gt;&lt;tr&gt;&lt;td colspan="3"&gt;&lt;a href="selenium-screenshot-3.png"&gt;&lt;img src="selenium-screenshot-3.png" width="800px"&gt;&lt;/a&gt;</msg>
<status status="PASS" starttime="20210907 22:46:22.224" endtime="20210907 22:46:22.501"/>
</kw>
<status status="PASS" starttime="20210907 22:46:17.038" endtime="20210907 22:46:22.502"/>
</test>
<test id="s1-t5" name="Profile">
<kw name="Click Element" library="SeleniumLibrary">
<arg>xpath=/html/body/div[1]/div/div[1]/div[5]/div[2]/div/a</arg>
<doc>Click the element identified by ``locator``.</doc>
<msg timestamp="20210907 22:46:22.505" level="INFO">Clicking element 'xpath=/html/body/div[1]/div/div[1]/div[5]/div[2]/div/a'.</msg>
<status status="PASS" starttime="20210907 22:46:22.504" endtime="20210907 22:46:22.671"/>
</kw>
<kw name="Sleep" library="BuiltIn">
<arg>5s</arg>
<doc>Pauses the test executed for the given time.</doc>
<msg timestamp="20210907 22:46:27.687" level="INFO">Slept 5 seconds</msg>
<status status="PASS" starttime="20210907 22:46:22.672" endtime="20210907 22:46:27.687"/>
</kw>
<kw name="Capture Page Screenshot" library="SeleniumLibrary">
<doc>Takes a screenshot of the current page and embeds it into a log file.</doc>
<msg timestamp="20210907 22:46:27.945" level="INFO" html="true">&lt;/td&gt;&lt;/tr&gt;&lt;tr&gt;&lt;td colspan="3"&gt;&lt;a href="selenium-screenshot-4.png"&gt;&lt;img src="selenium-screenshot-4.png" width="800px"&gt;&lt;/a&gt;</msg>
<status status="PASS" starttime="20210907 22:46:27.689" endtime="20210907 22:46:27.946"/>
</kw>
<kw name="Sleep" library="BuiltIn">
<arg>5s</arg>
<doc>Pauses the test executed for the given time.</doc>
<msg timestamp="20210907 22:46:32.958" level="INFO">Slept 5 seconds</msg>
<status status="PASS" starttime="20210907 22:46:27.946" endtime="20210907 22:46:32.959"/>
</kw>
<status status="PASS" starttime="20210907 22:46:22.503" endtime="20210907 22:46:32.962"/>
</test>
<test id="s1-t6" name="LogOut">
<kw name="Sleep" library="BuiltIn">
<arg>5s</arg>
<doc>Pauses the test executed for the given time.</doc>
<msg timestamp="20210907 22:46:37.972" level="INFO">Slept 5 seconds</msg>
<status status="PASS" starttime="20210907 22:46:32.968" endtime="20210907 22:46:37.972"/>
</kw>
<kw name="Click Element" library="SeleniumLibrary">
<arg>xpath=/html/body/div[12]/div[1]/div/div/div/div[3]/div[2]/a</arg>
<doc>Click the element identified by ``locator``.</doc>
<msg timestamp="20210907 22:46:37.974" level="INFO">Clicking element 'xpath=/html/body/div[12]/div[1]/div/div/div/div[3]/div[2]/a'.</msg>
<status status="PASS" starttime="20210907 22:46:37.973" endtime="20210907 22:46:38.186"/>
</kw>
<kw name="Capture Page Screenshot" library="SeleniumLibrary">
<doc>Takes a screenshot of the current page and embeds it into a log file.</doc>
<msg timestamp="20210907 22:46:38.607" level="INFO" html="true">&lt;/td&gt;&lt;/tr&gt;&lt;tr&gt;&lt;td colspan="3"&gt;&lt;a href="selenium-screenshot-5.png"&gt;&lt;img src="selenium-screenshot-5.png" width="800px"&gt;&lt;/a&gt;</msg>
<status status="PASS" starttime="20210907 22:46:38.187" endtime="20210907 22:46:38.608"/>
</kw>
<status status="PASS" starttime="20210907 22:46:32.966" endtime="20210907 22:46:38.614"/>
</test>
<status status="PASS" starttime="20210907 22:45:35.929" endtime="20210907 22:46:38.620"/>
</suite>
<statistics>
<total>
<stat pass="6" fail="0" skip="0">All Tests</stat>
</total>
<tag>
</tag>
<suite>
<stat pass="6" fail="0" skip="0" id="s1" name="Testing QA">Testing QA</stat>
</suite>
</statistics>
<errors>
</errors>
</robot>
